app/build/outputs/logs/manifest-merger-debug-report.txt
-- Merging decision tree log ---
manifest
ADDED from src/main/AndroidManifest.xml:2:1-76:12
INJECTED from src/main/AndroidManifest.xml:2:1-76:12
INJECTED from src/main/AndroidManifest.xml:2:1-76:12
INJECTED from src/main/AndroidManifest.xml:2:1-76:12
MERGED from [com.android.support:multidex:1.0.3] AndroidManifest.xml:17:1-22:12
MERGED from [com.onesignal:OneSignal:3.10.8] AndroidManifest.xml:2:1-107:12
MERGED from [com.google.android.gms:play-services-gcm:16.1.0] AndroidManifest.xml:17:1-28:12
MERGED from [com.google.android.gms:play-services-ads:16.0.0] AndroidManifest.xml:17:1-25:12
MERGED from [com.google.android.gms:play-services-analytics:16.0.8] AndroidManifest.xml:17:1-47:12
MERGED from [com.google.android.gms:play-services-iid:16.0.1] AndroidManifest.xml:17:1-28:12
MERGED from [com.google.android.gms:play-services-tagmanager-v4-impl:16.0.8] AndroidManifest.xml:17:1-24:12
MERGED from [com.google.android.gms:play-services-analytics-impl:16.0.8] AndroidManifest.xml:17:1-31:12
MERGED from [com.google.android.gms:play-services-location:15.0.1] AndroidManifest.xml:2:1-9:12
MERGED from [com.google.firebase:firebase-messaging:17.3.3] AndroidManifest.xml:17:1-37:12
MERGED from [com.google.firebase:firebase-iid:17.0.3] AndroidManifest.xml:17:1-59:12
MERGED from [com.google.firebase:firebase-iid-interop:16.0.1] AndroidManifest.xml:2:1-10:12
MERGED from [com.google.android.gms:play-services-base:16.0.1] AndroidManifest.xml:17:1-29:12
MERGED from [com.google.android.gms:play-services-stats:16.0.1] AndroidManifest.xml:2:1-9:12
MERGED from [com.google.android.gms:play-services-ads-identifier:16.0.0] AndroidManifest.xml:17:1-24:12
MERGED from [com.google.android.gms:play-services-ads-lite:16.0.0] AndroidManifest.xml:17:1-36:12
MERGED from [com.google.android.gms:play-services-gass:16.0.0] AndroidManifest.xml:2:1-9:12
MERGED from [com.google.firebase:firebase-common:16.0.3] AndroidManifest.xml:2:1-17:12
MERGED from [com.google.android.gms:play-services-tasks:16.0.1] AndroidManifest.xml:2:1-9:12
MERGED from [com.google.firebase:firebase-measurement-connector:17.0.1] AndroidManifest.xml:17:1-25:12
MERGED from [com.google.android.gms:play-services-places-placereport:15.0.1] AndroidManifest.xml:17:1-24:12
MERGED from [com.google.android.gms:play-services-basement:16.0.1] AndroidManifest.xml:17:1-28:12
MERGED from [com.android.support:support-v4:28.0.0] AndroidManifest.xml:17:1-22:12
MERGED from [com.android.support:design:28.0.0] AndroidManifest.xml:17:1-24:12
MERGED from [com.android.support:appcompat-v7:28.0.0] AndroidManifest.xml:17:1-22:12
MERGED from [com.android.support:support-media-compat:28.0.0] AndroidManifest.xml:17:1-22:12
MERGED from [com.android.support:support-fragment:28.0.0] AndroidManifest.xml:17:1-22:12
MERGED from [com.android.support:animated-vector-drawable:28.0.0] AndroidManifest.xml:17:1-22:12
MERGED from [com.android.support:recyclerview-v7:28.0.0] AndroidManifest.xml:17:1-22:12
MERGED from [com.android.support:customtabs:28.0.0] AndroidManifest.xml:17:1-22:12
MERGED from [com.android.support:support-core-ui:28.0.0] AndroidManifest.xml:17:1-22:12
MERGED from [com.android.support:support-core-utils:28.0.0] AndroidManifest.xml:17:1-22:12
MERGED from [com.android.support:support-vector-drawable:28.0.0] AndroidManifest.xml:17:1-22:12
MERGED from [com.android.support:transition:28.0.0] AndroidManifest.xml:17:1-22:12
MERGED from [com.android.support:loader:28.0.0] AndroidManifest.xml:17:1-22:12
MERGED from [com.android.support:viewpager:28.0.0] AndroidManifest.xml:17:1-22:12
MERGED from [com.android.support:coordinatorlayout:28.0.0] AndroidManifest.xml:17:1-22:12
MERGED from [com.android.support:drawerlayout:28.0.0] AndroidManifest.xml:17:1-22:12
MERGED from [com.android.support:slidingpanelayout:28.0.0] AndroidManifest.xml:17:1-22:12
MERGED from [com.android.support:customview:28.0.0] AndroidManifest.xml:17:1-22:12
MERGED from [com.android.support:swiperefreshlayout:28.0.0] AndroidManifest.xml:17:1-22:12
MERGED from [com.android.support:asynclayoutinflater:28.0.0] AndroidManifest.xml:17:1-22:12
MERGED from [com.android.support:support-compat:28.0.0] AndroidManifest.xml:17:1-24:12
MERGED from [com.android.support:versionedparcelable:28.0.0] AndroidManifest.xml:17:1-25:12
MERGED from [com.android.support:cursoradapter:28.0.0] AndroidManifest.xml:17:1-22:12
MERGED from [com.android.support:cardview-v7:28.0.0] AndroidManifest.xml:17:1-22:12
MERGED from [android.arch.lifecycle:runtime:1.1.1] AndroidManifest.xml:17:1-22:12
MERGED from [com.android.support:documentfile:28.0.0] AndroidManifest.xml:17:1-22:12
MERGED from [com.android.support:localbroadcastmanager:28.0.0] AndroidManifest.xml:17:1-22:12
MERGED from [com.android.support:print:28.0.0] AndroidManifest.xml:17:1-22:12
MERGED from [com.android.support:interpolator:28.0.0] AndroidManifest.xml:17:1-22:12
MERGED from [android.arch.lifecycle:viewmodel:1.1.1] AndroidManifest.xml:17:1-22:12
MERGED from [android.arch.lifecycle:livedata:1.1.1] AndroidManifest.xml:17:1-22:12
MERGED from [android.arch.lifecycle:livedata-core:1.1.1] AndroidManifest.xml:17:1-22:12
MERGED from [android.arch.core:runtime:1.1.1] AndroidManifest.xml:17:1-22:12
MERGED from [com.google.android.gms:play-services-ads-base:16.0.0] AndroidManifest.xml:17:1-24:12
INJECTED from src/main/AndroidManifest.xml:2:1-76:12
INJECTED from src/main/AndroidManifest.xml:2:1-76:12
INJECTED from src/main/AndroidManifest.xml:2:1-76:12
	package
		ADDED from src/main/AndroidManifest.xml:3:5-35
		INJECTED from src/main/AndroidManifest.xml
		INJECTED from src/main/AndroidManifest.xml
	android:versionName
		INJECTED from src/main/AndroidManifest.xml
		ADDED from src/main/AndroidManifest.xml:2:1-76:12
		INJECTED from src/main/AndroidManifest.xml
	xmlns:tools
		ADDED from src/main/AndroidManifest.xml:2:11-57
	android:versionCode
		INJECTED from src/main/AndroidManifest.xml
		ADDED from src/main/AndroidManifest.xml:2:1-76:12
		INJECTED from src/main/AndroidManifest.xml
	xmlns:android
		ADDED from src/main/AndroidManifest.xml:4:5-63
uses-permission#android.permission.INTERNET
ADDED from src/main/AndroidManifest.xml:6:5-67
MERGED from [com.onesignal:OneSignal:3.10.8] AndroidManifest.xml:17:5-67
MERGED from [com.onesignal:OneSignal:3.10.8] AndroidManifest.xml:17:5-67
MERGED from [com.google.android.gms:play-services-gcm:16.1.0] AndroidManifest.xml:24:5-67
MERGED from [com.google.android.gms:play-services-gcm:16.1.0] AndroidManifest.xml:24:5-67
MERGED from [com.google.android.gms:play-services-analytics:16.0.8] AndroidManifest.xml:23:5-67
MERGED from [com.google.android.gms:play-services-analytics:16.0.8] AndroidManifest.xml:23:5-67
MERGED from [com.google.android.gms:play-services-iid:16.0.1] AndroidManifest.xml:24:5-67
MERGED from [com.google.android.gms:play-services-iid:16.0.1] AndroidManifest.xml:24:5-67
MERGED from [com.google.android.gms:play-services-analytics-impl:16.0.8] AndroidManifest.xml:23:5-67
MERGED from [com.google.android.gms:play-services-analytics-impl:16.0.8] AndroidManifest.xml:23:5-67
MERGED from [com.google.firebase:firebase-iid:17.0.3] AndroidManifest.xml:23:5-67
MERGED from [com.google.firebase:firebase-iid:17.0.3] AndroidManifest.xml:23:5-67
MERGED from [com.google.android.gms:play-services-ads-lite:16.0.0] AndroidManifest.xml:23:5-67
MERGED from [com.google.android.gms:play-services-ads-lite:16.0.0] AndroidManifest.xml:23:5-67
	android:name
		ADDED from src/main/AndroidManifest.xml:6:22-64
uses-permission#android.permission.WRITE_EXTERNAL_STORAGE
ADDED from src/main/AndroidManifest.xml:7:5-81
	android:name
		ADDED from src/main/AndroidManifest.xml:7:22-78
uses-permission#android.permission.ACCESS_NETWORK_STATE
ADDED from src/main/AndroidManifest.xml:8:5-79
MERGED from [com.onesignal:OneSignal:3.10.8] AndroidManifest.xml:25:5-79
MERGED from [com.onesignal:OneSignal:3.10.8] AndroidManifest.xml:25:5-79
MERGED from [com.google.android.gms:play-services-analytics:16.0.8] AndroidManifest.xml:24:5-79
MERGED from [com.google.android.gms:play-services-analytics:16.0.8] AndroidManifest.xml:24:5-79
MERGED from [com.google.android.gms:play-services-analytics-impl:16.0.8] AndroidManifest.xml:24:5-79
MERGED from [com.google.android.gms:play-services-analytics-impl:16.0.8] AndroidManifest.xml:24:5-79
MERGED from [com.google.firebase:firebase-iid:17.0.3] AndroidManifest.xml:22:5-79
MERGED from [com.google.firebase:firebase-iid:17.0.3] AndroidManifest.xml:22:5-79
MERGED from [com.google.android.gms:play-services-ads-lite:16.0.0] AndroidManifest.xml:24:5-79
MERGED from [com.google.android.gms:play-services-ads-lite:16.0.0] AndroidManifest.xml:24:5-79
	android:name
		ADDED from src/main/AndroidManifest.xml:8:22-76
uses-permission#android.permission.RECEIVE_BOOT_COMPLETED
ADDED from src/main/AndroidManifest.xml:9:5-81
MERGED from [com.onesignal:OneSignal:3.10.8] AndroidManifest.xml:30:5-81
MERGED from [com.onesignal:OneSignal:3.10.8] AndroidManifest.xml:30:5-81
	android:name
		ADDED from src/main/AndroidManifest.xml:9:22-78
uses-permission#android.permission.VIBRATE
ADDED from src/main/AndroidManifest.xml:10:5-66
MERGED from [com.onesignal:OneSignal:3.10.8] AndroidManifest.xml:24:5-66
MERGED from [com.onesignal:OneSignal:3.10.8] AndroidManifest.xml:24:5-66
	android:name
		ADDED from src/main/AndroidManifest.xml:10:22-63
uses-permission#android.permission.WAKE_LOCK
ADDED from src/main/AndroidManifest.xml:11:5-68
MERGED from [com.onesignal:OneSignal:3.10.8] AndroidManifest.xml:19:5-68
MERGED from [com.onesignal:OneSignal:3.10.8] AndroidManifest.xml:19:5-68
MERGED from [com.google.android.gms:play-services-analytics:16.0.8] AndroidManifest.xml:27:5-68
MERGED from [com.google.android.gms:play-services-analytics:16.0.8] AndroidManifest.xml:27:5-68
MERGED from [com.google.android.gms:play-services-analytics-impl:16.0.8] AndroidManifest.xml:27:5-68
MERGED from [com.google.android.gms:play-services-analytics-impl:16.0.8] AndroidManifest.xml:27:5-68
MERGED from [com.google.firebase:firebase-iid:17.0.3] AndroidManifest.xml:24:5-68
MERGED from [com.google.firebase:firebase-iid:17.0.3] AndroidManifest.xml:24:5-68
	android:name
		ADDED from src/main/AndroidManifest.xml:11:22-65
uses-permission#android.permission.GET_ACCOUNTS
ADDED from src/main/AndroidManifest.xml:12:5-71
	android:name
		ADDED from src/main/AndroidManifest.xml:12:22-68
uses-permission#android.permission.ACCESS_FINE_LOCATION
ADDED from src/main/AndroidManifest.xml:13:5-79
	android:name
		ADDED from src/main/AndroidManifest.xml:13:22-76
uses-permission#com.google.android.c2dm.permission.RECEIVE
ADDED from src/main/AndroidManifest.xml:14:5-82
MERGED from [com.onesignal:OneSignal:3.10.8] AndroidManifest.xml:18:5-82
MERGED from [com.onesignal:OneSignal:3.10.8] AndroidManifest.xml:18:5-82
MERGED from [com.google.android.gms:play-services-gcm:16.1.0] AndroidManifest.xml:23:5-82
MERGED from [com.google.android.gms:play-services-gcm:16.1.0] AndroidManifest.xml:23:5-82
MERGED from [com.google.android.gms:play-services-iid:16.0.1] AndroidManifest.xml:23:5-82
MERGED from [com.google.android.gms:play-services-iid:16.0.1] AndroidManifest.xml:23:5-82
MERGED from [com.google.firebase:firebase-iid:17.0.3] AndroidManifest.xml:26:5-82
MERGED from [com.google.firebase:firebase-iid:17.0.3] AndroidManifest.xml:26:5-82
	android:name
		ADDED from src/main/AndroidManifest.xml:14:22-79
application
ADDED from src/main/AndroidManifest.xml:19:5-74:19
MERGED from [com.onesignal:OneSignal:3.10.8] AndroidManifest.xml:49:5-105:19
MERGED from [com.onesignal:OneSignal:3.10.8] AndroidManifest.xml:49:5-105:19
MERGED from [com.google.android.gms:play-services-gcm:16.1.0] AndroidManifest.xml:26:5-20
MERGED from [com.google.android.gms:play-services-gcm:16.1.0] AndroidManifest.xml:26:5-20
MERGED from [com.google.android.gms:play-services-analytics:16.0.8] AndroidManifest.xml:29:5-45:19
MERGED from [com.google.android.gms:play-services-analytics:16.0.8] AndroidManifest.xml:29:5-45:19
MERGED from [com.google.android.gms:play-services-iid:16.0.1] AndroidManifest.xml:26:5-20
MERGED from [com.google.android.gms:play-services-iid:16.0.1] AndroidManifest.xml:26:5-20
MERGED from [com.google.android.gms:play-services-tagmanager-v4-impl:16.0.8] AndroidManifest.xml:22:5-20
MERGED from [com.google.android.gms:play-services-tagmanager-v4-impl:16.0.8] AndroidManifest.xml:22:5-20
MERGED from [com.google.android.gms:play-services-analytics-impl:16.0.8] AndroidManifest.xml:29:5-20
MERGED from [com.google.android.gms:play-services-analytics-impl:16.0.8] AndroidManifest.xml:29:5-20
MERGED from [com.google.android.gms:play-services-location:15.0.1] AndroidManifest.xml:7:5-20
MERGED from [com.google.android.gms:play-services-location:15.0.1] AndroidManifest.xml:7:5-20
MERGED from [com.google.firebase:firebase-messaging:17.3.3] AndroidManifest.xml:22:5-35:19
MERGED from [com.google.firebase:firebase-messaging:17.3.3] AndroidManifest.xml:22:5-35:19
MERGED from [com.google.firebase:firebase-iid:17.0.3] AndroidManifest.xml:28:5-57:19
MERGED from [com.google.firebase:firebase-iid:17.0.3] AndroidManifest.xml:28:5-57:19
MERGED from [com.google.firebase:firebase-iid-interop:16.0.1] AndroidManifest.xml:7:5-8:19
MERGED from [com.google.firebase:firebase-iid-interop:16.0.1] AndroidManifest.xml:7:5-8:19
MERGED from [com.google.android.gms:play-services-base:16.0.1] AndroidManifest.xml:22:5-27:19
MERGED from [com.google.android.gms:play-services-base:16.0.1] AndroidManifest.xml:22:5-27:19
MERGED from [com.google.android.gms:play-services-stats:16.0.1] AndroidManifest.xml:7:5-20
MERGED from [com.google.android.gms:play-services-stats:16.0.1] AndroidManifest.xml:7:5-20
MERGED from [com.google.android.gms:play-services-ads-identifier:16.0.0] AndroidManifest.xml:22:5-20
MERGED from [com.google.android.gms:play-services-ads-identifier:16.0.0] AndroidManifest.xml:22:5-20
MERGED from [com.google.android.gms:play-services-ads-lite:16.0.0] AndroidManifest.xml:26:5-34:19
MERGED from [com.google.android.gms:play-services-ads-lite:16.0.0] AndroidManifest.xml:26:5-34:19
MERGED from [com.google.android.gms:play-services-gass:16.0.0] AndroidManifest.xml:7:5-20
MERGED from [com.google.android.gms:play-services-gass:16.0.0] AndroidManifest.xml:7:5-20
MERGED from [com.google.firebase:firebase-common:16.0.3] AndroidManifest.xml:9:5-15:19
MERGED from [com.google.firebase:firebase-common:16.0.3] AndroidManifest.xml:9:5-15:19
MERGED from [com.google.android.gms:play-services-tasks:16.0.1] AndroidManifest.xml:7:5-20
MERGED from [com.google.android.gms:play-services-tasks:16.0.1] AndroidManifest.xml:7:5-20
MERGED from [com.google.firebase:firebase-measurement-connector:17.0.1] AndroidManifest.xml:22:5-23:19
MERGED from [com.google.firebase:firebase-measurement-connector:17.0.1] AndroidManifest.xml:22:5-23:19
MERGED from [com.google.android.gms:play-services-places-placereport:15.0.1] AndroidManifest.xml:22:5-20
MERGED from [com.google.android.gms:play-services-places-placereport:15.0.1] AndroidManifest.xml:22:5-20
MERGED from [com.google.android.gms:play-services-basement:16.0.1] AndroidManifest.xml:22:5-26:19
MERGED from [com.google.android.gms:play-services-basement:16.0.1] AndroidManifest.xml:22:5-26:19
MERGED from [com.android.support:design:28.0.0] AndroidManifest.xml:22:5-20
MERGED from [com.android.support:design:28.0.0] AndroidManifest.xml:22:5-20
MERGED from [com.android.support:support-compat:28.0.0] AndroidManifest.xml:22:5-94
MERGED from [com.android.support:support-compat:28.0.0] AndroidManifest.xml:22:5-94
MERGED from [com.android.support:versionedparcelable:28.0.0] AndroidManifest.xml:22:5-23:19
MERGED from [com.android.support:versionedparcelable:28.0.0] AndroidManifest.xml:22:5-23:19
MERGED from [com.google.android.gms:play-services-ads-base:16.0.0] AndroidManifest.xml:22:5-20
MERGED from [com.google.android.gms:play-services-ads-base:16.0.0] AndroidManifest.xml:22:5-20
	android:appComponentFactory
		ADDED from [com.android.support:support-compat:28.0.0] AndroidManifest.xml:22:18-91
	android:label
		ADDED from src/main/AndroidManifest.xml:22:9-41
	tools:ignore
		ADDED from src/main/AndroidManifest.xml:26:9-48
	android:icon
		ADDED from src/main/AndroidManifest.xml:21:9-43
	android:allowBackup
		ADDED from src/main/AndroidManifest.xml:20:9-35
	android:theme
		ADDED from src/main/AndroidManifest.xml:23:9-40
	android:usesCleartextTraffic
		ADDED from src/main/AndroidManifest.xml:25:9-44
	android:name
		ADDED from src/main/AndroidManifest.xml:24:9-48
meta-data#com.google.android.gms.version
ADDED from src/main/AndroidManifest.xml:27:9-28:68
MERGED from [com.google.android.gms:play-services-basement:16.0.1] AndroidManifest.xml:23:9-25:69
MERGED from [com.google.android.gms:play-services-basement:16.0.1] AndroidManifest.xml:23:9-25:69
	android:value
		ADDED from src/main/AndroidManifest.xml:28:13-66
	android:name
		ADDED from src/main/AndroidManifest.xml:27:20-65
activity#com.project.webtoapp.activity.MainActivity
ADDED from src/main/AndroidManifest.xml:29:9-49:20
	android:label
		ADDED from src/main/AndroidManifest.xml:34:13-45
	android:hardwareAccelerated
		ADDED from src/main/AndroidManifest.xml:32:13-47
	android:windowSoftInputMode
		ADDED from src/main/AndroidManifest.xml:33:13-55
	android:configChanges
		ADDED from src/main/AndroidManifest.xml:31:13-83
	android:name
		ADDED from src/main/AndroidManifest.xml:30:13-70
intent-filter#action:name:android.intent.action.MAIN+category:name:android.intent.category.LAUNCHER
ADDED from src/main/AndroidManifest.xml:35:13-38:29
action#android.intent.action.MAIN
ADDED from src/main/AndroidManifest.xml:36:17-69
	android:name
		ADDED from src/main/AndroidManifest.xml:36:25-66
category#android.intent.category.LAUNCHER
ADDED from src/main/AndroidManifest.xml:37:17-77
	android:name
		ADDED from src/main/AndroidManifest.xml:37:27-74
activity#com.google.android.gms.ads.AdActivity
ADDED from src/main/AndroidManifest.xml:52:9-53:124
MERGED from [com.google.android.gms:play-services-ads-lite:16.0.0] AndroidManifest.xml:29:9-33:64
MERGED from [com.google.android.gms:play-services-ads-lite:16.0.0] AndroidManifest.xml:29:9-33:64
	android:exported
		ADDED from [com.google.android.gms:play-services-ads-lite:16.0.0] AndroidManifest.xml:32:13-37
	android:configChanges
		ADDED from src/main/AndroidManifest.xml:53:13-122
	android:theme
		ADDED from [com.google.android.gms:play-services-ads-lite:16.0.0] AndroidManifest.xml:33:13-61
	android:name
		ADDED from src/main/AndroidManifest.xml:52:19-71
receiver#com.google.android.gms.analytics.AnalyticsReceiver
ADDED from src/main/AndroidManifest.xml:56:9-61:20
MERGED from [com.google.android.gms:play-services-analytics:16.0.8] AndroidManifest.xml:30:9-34:20
MERGED from [com.google.android.gms:play-services-analytics:16.0.8] AndroidManifest.xml:30:9-34:20
	android:enabled
		ADDED from src/main/AndroidManifest.xml:57:13-35
	android:exported
		ADDED from [com.google.android.gms:play-services-analytics:16.0.8] AndroidManifest.xml:33:13-37
	android:name
		ADDED from src/main/AndroidManifest.xml:56:19-84
intent-filter#action:name:com.google.android.gms.analytics.ANALYTICS_DISPATCH
ADDED from src/main/AndroidManifest.xml:58:13-60:29
action#com.google.android.gms.analytics.ANALYTICS_DISPATCH
ADDED from src/main/AndroidManifest.xml:59:17-94
	android:name
		ADDED from src/main/AndroidManifest.xml:59:25-91
service#com.google.android.gms.analytics.AnalyticsService
ADDED from src/main/AndroidManifest.xml:62:9-64:39
MERGED from [com.google.android.gms:play-services-analytics:16.0.8] AndroidManifest.xml:36:9-39:40
MERGED from [com.google.android.gms:play-services-analytics:16.0.8] AndroidManifest.xml:36:9-39:40
	android:enabled
		ADDED from src/main/AndroidManifest.xml:63:13-35
	android:exported
		ADDED from src/main/AndroidManifest.xml:64:13-37
	android:name
		ADDED from src/main/AndroidManifest.xml:62:18-82
receiver#com.google.android.gms.analytics.CampaignTrackingReceiver
ADDED from src/main/AndroidManifest.xml:66:9-71:20
	android:exported
		ADDED from src/main/AndroidManifest.xml:67:13-36
	android:name
		ADDED from src/main/AndroidManifest.xml:66:19-91
intent-filter#action:name:com.android.vending.INSTALL_REFERRER
ADDED from src/main/AndroidManifest.xml:68:13-70:29
action#com.android.vending.INSTALL_REFERRER
ADDED from src/main/AndroidManifest.xml:69:17-79
	android:name
		ADDED from src/main/AndroidManifest.xml:69:25-76
service#com.google.android.gms.analytics.CampaignTrackingService
ADDED from src/main/AndroidManifest.xml:72:9-92
	android:name
		ADDED from src/main/AndroidManifest.xml:72:18-89
uses-sdk
INJECTED from src/main/AndroidManifest.xml reason: use-sdk injection requested
INJECTED from src/main/AndroidManifest.xml
INJECTED from src/main/AndroidManifest.xml
MERGED from [com.android.support:multidex:1.0.3] AndroidManifest.xml:20:5-43
MERGED from [com.android.support:multidex:1.0.3] AndroidManifest.xml:20:5-43
MERGED from [com.onesignal:OneSignal:3.10.8] AndroidManifest.xml:5:5-44
MERGED from [com.onesignal:OneSignal:3.10.8] AndroidManifest.xml:5:5-44
MERGED from [com.google.android.gms:play-services-gcm:16.1.0] AndroidManifest.xml:20:5-44
MERGED from [com.google.android.gms:play-services-gcm:16.1.0] AndroidManifest.xml:20:5-44
MERGED from [com.google.android.gms:play-services-ads:16.0.0] AndroidManifest.xml:21:5-23:62
MERGED from [com.google.android.gms:play-services-ads:16.0.0] AndroidManifest.xml:21:5-23:62
MERGED from [com.google.android.gms:play-services-analytics:16.0.8] AndroidManifest.xml:20:5-44
MERGED from [com.google.android.gms:play-services-analytics:16.0.8] AndroidManifest.xml:20:5-44
MERGED from [com.google.android.gms:play-services-iid:16.0.1] AndroidManifest.xml:20:5-44
MERGED from [com.google.android.gms:play-services-iid:16.0.1] AndroidManifest.xml:20:5-44
MERGED from [com.google.android.gms:play-services-tagmanager-v4-impl:16.0.8] AndroidManifest.xml:20:5-44
MERGED from [com.google.android.gms:play-services-tagmanager-v4-impl:16.0.8] AndroidManifest.xml:20:5-44
MERGED from [com.google.android.gms:play-services-analytics-impl:16.0.8] AndroidManifest.xml:20:5-44
MERGED from [com.google.android.gms:play-services-analytics-impl:16.0.8] AndroidManifest.xml:20:5-44
MERGED from [com.google.android.gms:play-services-location:15.0.1] AndroidManifest.xml:5:5-44
MERGED from [com.google.android.gms:play-services-location:15.0.1] AndroidManifest.xml:5:5-44
MERGED from [com.google.firebase:firebase-messaging:17.3.3] AndroidManifest.xml:20:5-44
MERGED from [com.google.firebase:firebase-messaging:17.3.3] AndroidManifest.xml:20:5-44
MERGED from [com.google.firebase:firebase-iid:17.0.3] AndroidManifest.xml:20:5-44
MERGED from [com.google.firebase:firebase-iid:17.0.3] AndroidManifest.xml:20:5-44
MERGED from [com.google.firebase:firebase-iid-interop:16.0.1] AndroidManifest.xml:5:5-44
MERGED from [com.google.firebase:firebase-iid-interop:16.0.1] AndroidManifest.xml:5:5-44
MERGED from [com.google.android.gms:play-services-base:16.0.1] AndroidManifest.xml:20:5-44
MERGED from [com.google.android.gms:play-services-base:16.0.1] AndroidManifest.xml:20:5-44
MERGED from [com.google.android.gms:play-services-stats:16.0.1] AndroidManifest.xml:5:5-44
MERGED from [com.google.android.gms:play-services-stats:16.0.1] AndroidManifest.xml:5:5-44
MERGED from [com.google.android.gms:play-services-ads-identifier:16.0.0] AndroidManifest.xml:20:5-44
MERGED from [com.google.android.gms:play-services-ads-identifier:16.0.0] AndroidManifest.xml:20:5-44
MERGED from [com.google.android.gms:play-services-ads-lite:16.0.0] AndroidManifest.xml:20:5-44
MERGED from [com.google.android.gms:play-services-ads-lite:16.0.0] AndroidManifest.xml:20:5-44
MERGED from [com.google.android.gms:play-services-gass:16.0.0] AndroidManifest.xml:5:5-44
MERGED from [com.google.android.gms:play-services-gass:16.0.0] AndroidManifest.xml:5:5-44
MERGED from [com.google.firebase:firebase-common:16.0.3] AndroidManifest.xml:5:5-7:41
MERGED from [com.google.firebase:firebase-common:16.0.3] AndroidManifest.xml:5:5-7:41
MERGED from [com.google.android.gms:play-services-tasks:16.0.1] AndroidManifest.xml:5:5-44
MERGED from [com.google.android.gms:play-services-tasks:16.0.1] AndroidManifest.xml:5:5-44
MERGED from [com.google.firebase:firebase-measurement-connector:17.0.1] AndroidManifest.xml:20:5-44
MERGED from [com.google.firebase:firebase-measurement-connector:17.0.1] AndroidManifest.xml:20:5-44
MERGED from [com.google.android.gms:play-services-places-placereport:15.0.1] AndroidManifest.xml:20:5-44
MERGED from [com.google.android.gms:play-services-places-placereport:15.0.1] AndroidManifest.xml:20:5-44
MERGED from [com.google.android.gms:play-services-basement:16.0.1] AndroidManifest.xml:20:5-44
MERGED from [com.google.android.gms:play-services-basement:16.0.1] AndroidManifest.xml:20:5-44
MERGED from [com.android.support:support-v4:28.0.0] AndroidManifest.xml:20:5-44
MERGED from [com.android.support:support-v4:28.0.0] AndroidManifest.xml:20:5-44
MERGED from [com.android.support:design:28.0.0] AndroidManifest.xml:20:5-44
MERGED from [com.android.support:design:28.0.0] AndroidManifest.xml:20:5-44
MERGED from [com.android.support:appcompat-v7:28.0.0] AndroidManifest.xml:20:5-44
MERGED from [com.android.support:appcompat-v7:28.0.0] AndroidManifest.xml:20:5-44
MERGED from [com.android.support:support-media-compat:28.0.0] AndroidManifest.xml:20:5-44
MERGED from [com.android.support:support-media-compat:28.0.0] AndroidManifest.xml:20:5-44
MERGED from [com.android.support:support-fragment:28.0.0] AndroidManifest.xml:20:5-44
MERGED from [com.android.support:support-fragment:28.0.0] AndroidManifest.xml:20:5-44
MERGED from [com.android.support:animated-vector-drawable:28.0.0] AndroidManifest.xml:20:5-44
MERGED from [com.android.support:animated-vector-drawable:28.0.0] AndroidManifest.xml:20:5-44
MERGED from [com.android.support:recyclerview-v7:28.0.0] AndroidManifest.xml:20:5-44
MERGED from [com.android.support:recyclerview-v7:28.0.0] AndroidManifest.xml:20:5-44
MERGED from [com.android.support:customtabs:28.0.0] AndroidManifest.xml:20:5-44
MERGED from [com.android.support:customtabs:28.0.0] AndroidManifest.xml:20:5-44
MERGED from [com.android.support:support-core-ui:28.0.0] AndroidManifest.xml:20:5-44
MERGED from [com.android.support:support-core-ui:28.0.0] AndroidManifest.xml:20:5-44
MERGED from [com.android.support:support-core-utils:28.0.0] AndroidManifest.xml:20:5-44
MERGED from [com.android.support:support-core-utils:28.0.0] AndroidManifest.xml:20:5-44
MERGED from [com.android.support:support-vector-drawable:28.0.0] AndroidManifest.xml:20:5-44
MERGED from [com.android.support:support-vector-drawable:28.0.0] AndroidManifest.xml:20:5-44
MERGED from [com.android.support:transition:28.0.0] AndroidManifest.xml:20:5-44
MERGED from [com.android.support:transition:28.0.0] AndroidManifest.xml:20:5-44
MERGED from [com.android.support:loader:28.0.0] AndroidManifest.xml:20:5-44
MERGED from [com.android.support:loader:28.0.0] AndroidManifest.xml:20:5-44
MERGED from [com.android.support:viewpager:28.0.0] AndroidManifest.xml:20:5-44
MERGED from [com.android.support:viewpager:28.0.0] AndroidManifest.xml:20:5-44
MERGED from [com.android.support:coordinatorlayout:28.0.0] AndroidManifest.xml:20:5-44
MERGED from [com.android.support:coordinatorlayout:28.0.0] AndroidManifest.xml:20:5-44
MERGED from [com.android.support:drawerlayout:28.0.0] AndroidManifest.xml:20:5-44
MERGED from [com.android.support:drawerlayout:28.0.0] AndroidManifest.xml:20:5-44
MERGED from [com.android.support:slidingpanelayout:28.0.0] AndroidManifest.xml:20:5-44
MERGED from [com.android.support:slidingpanelayout:28.0.0] AndroidManifest.xml:20:5-44
MERGED from [com.android.support:customview:28.0.0] AndroidManifest.xml:20:5-44
MERGED from [com.android.support:customview:28.0.0] AndroidManifest.xml:20:5-44
MERGED from [com.android.support:swiperefreshlayout:28.0.0] AndroidManifest.xml:20:5-44
MERGED from [com.android.support:swiperefreshlayout:28.0.0] AndroidManifest.xml:20:5-44
MERGED from [com.android.support:asynclayoutinflater:28.0.0] AndroidManifest.xml:20:5-44
MERGED from [com.android.support:asynclayoutinflater:28.0.0] AndroidManifest.xml:20:5-44
MERGED from [com.android.support:support-compat:28.0.0] AndroidManifest.xml:20:5-44
MERGED from [com.android.support:support-compat:28.0.0] AndroidManifest.xml:20:5-44
MERGED from [com.android.support:versionedparcelable:28.0.0] AndroidManifest.xml:20:5-44
MERGED from [com.android.support:versionedparcelable:28.0.0] AndroidManifest.xml:20:5-44
MERGED from [com.android.support:cursoradapter:28.0.0] AndroidManifest.xml:20:5-44
MERGED from [com.android.support:cursoradapter:28.0.0] AndroidManifest.xml:20:5-44
MERGED from [com.android.support:cardview-v7:28.0.0] AndroidManifest.xml:20:5-44
MERGED from [com.android.support:cardview-v7:28.0.0] AndroidManifest.xml:20:5-44
MERGED from [android.arch.lifecycle:runtime:1.1.1] AndroidManifest.xml:20:5-44
MERGED from [android.arch.lifecycle:runtime:1.1.1] AndroidManifest.xml:20:5-44
MERGED from [com.android.support:documentfile:28.0.0] AndroidManifest.xml:20:5-44
MERGED from [com.android.support:documentfile:28.0.0] AndroidManifest.xml:20:5-44
MERGED from [com.android.support:localbroadcastmanager:28.0.0] AndroidManifest.xml:20:5-44
MERGED from [com.android.support:localbroadcastmanager:28.0.0] AndroidManifest.xml:20:5-44
MERGED from [com.android.support:print:28.0.0] AndroidManifest.xml:20:5-44
MERGED from [com.android.support:print:28.0.0] AndroidManifest.xml:20:5-44
MERGED from [com.android.support:interpolator:28.0.0] AndroidManifest.xml:20:5-44
MERGED from [com.android.support:interpolator:28.0.0] AndroidManifest.xml:20:5-44
MERGED from [android.arch.lifecycle:viewmodel:1.1.1] AndroidManifest.xml:20:5-44
MERGED from [android.arch.lifecycle:viewmodel:1.1.1] AndroidManifest.xml:20:5-44
MERGED from [android.arch.lifecycle:livedata:1.1.1] AndroidManifest.xml:20:5-44
MERGED from [android.arch.lifecycle:livedata:1.1.1] AndroidManifest.xml:20:5-44